\BOOKMARK [0][-]{chapter.1}{Introduction}{}% 1
\BOOKMARK [1][-]{section.1.1}{Application Security}{chapter.1}% 2
\BOOKMARK [2][-]{subsection.1.1.1}{Examples}{section.1.1}% 3
\BOOKMARK [1][-]{section.1.2}{Static Analysis}{chapter.1}% 4
\BOOKMARK [1][-]{section.1.3}{Objectives}{chapter.1}% 5
\BOOKMARK [1][-]{section.1.4}{Legal, social, ethical and professional issues}{chapter.1}% 6
\BOOKMARK [0][-]{chapter.2}{Background}{}% 7
\BOOKMARK [1][-]{section.2.1}{Regular Expressions}{chapter.2}% 8
\BOOKMARK [2][-]{subsection.2.1.1}{DFAs and NFAs}{section.2.1}% 9
\BOOKMARK [2][-]{subsection.2.1.2}{Programming Language Support}{section.2.1}% 10
\BOOKMARK [1][-]{section.2.2}{Context-Free Grammars and Parsing}{chapter.2}% 11
\BOOKMARK [1][-]{section.2.3}{SAT and SMT Solvers}{chapter.2}% 12
\BOOKMARK [2][-]{subsection.2.3.1}{Introducing SAT}{section.2.3}% 13
\BOOKMARK [2][-]{subsection.2.3.2}{Cook-Levin and NP Completeness}{section.2.3}% 14
\BOOKMARK [2][-]{subsection.2.3.3}{Knuth's Algorithm A}{section.2.3}% 15
\BOOKMARK [2][-]{subsection.2.3.4}{DPLL}{section.2.3}% 16
\BOOKMARK [2][-]{subsection.2.3.5}{Satisfiability Modulo Theories \(SMT\)}{section.2.3}% 17
\BOOKMARK [2][-]{subsection.2.3.6}{DPLL\(T\): Extending DPLL to Arbitrary Theories}{section.2.3}% 18
\BOOKMARK [1][-]{section.2.4}{Refinement Types}{chapter.2}% 19
\BOOKMARK [2][-]{subsection.2.4.1}{Smart Constructors}{section.2.4}% 20
\BOOKMARK [1][-]{section.2.5}{Prior Art}{chapter.2}% 21
\BOOKMARK [2][-]{subsection.2.5.1}{Formal Languages}{section.2.5}% 22
\BOOKMARK [2][-]{subsection.2.5.2}{Program Verification}{section.2.5}% 23
\BOOKMARK [2][-]{subsection.2.5.3}{Static Analysis and Security Tooling}{section.2.5}% 24
\BOOKMARK [0][-]{chapter.3}{Design}{}% 25
\BOOKMARK [1][-]{section.3.1}{Programming Language}{chapter.3}% 26
\BOOKMARK [2][-]{subsection.3.1.1}{Syntax}{section.3.1}% 27
\BOOKMARK [2][-]{subsection.3.1.2}{Abstract Syntax Tree}{section.3.1}% 28
\BOOKMARK [2][-]{subsection.3.1.3}{Type System}{section.3.1}% 29
\BOOKMARK [1][-]{section.3.2}{Development Methodology}{chapter.3}% 30
\BOOKMARK [1][-]{section.3.3}{Foreign Function Interface}{chapter.3}% 31
\BOOKMARK [0][-]{chapter.4}{Implementation}{}% 32
\BOOKMARK [1][-]{section.4.1}{Parsing}{chapter.4}% 33
\BOOKMARK [2][-]{subsection.4.1.1}{Introduction}{section.4.1}% 34
\BOOKMARK [2][-]{subsection.4.1.2}{Working with ANTLR}{section.4.1}% 35
\BOOKMARK [1][-]{section.4.2}{SMT Solvers}{chapter.4}% 36
\BOOKMARK [1][-]{section.4.3}{Integrations and Frontends}{chapter.4}% 37
\BOOKMARK [2][-]{subsection.4.3.1}{Command Line Interface}{section.4.3}% 38
\BOOKMARK [2][-]{subsection.4.3.2}{Web Application Interface}{section.4.3}% 39
\BOOKMARK [2][-]{subsection.4.3.3}{Rise4fun Integration}{section.4.3}% 40
\BOOKMARK [2][-]{subsection.4.3.4}{Gradle Plugin}{section.4.3}% 41
\BOOKMARK [1][-]{section.4.4}{Implementation Challenges}{chapter.4}% 42
\BOOKMARK [0][-]{chapter.5}{Testing}{}% 43
\BOOKMARK [1][-]{section.5.1}{Unit Testing}{chapter.5}% 44
\BOOKMARK [1][-]{section.5.2}{Integration Testing}{chapter.5}% 45
\BOOKMARK [1][-]{section.5.3}{Manual Testing}{chapter.5}% 46
\BOOKMARK [0][-]{chapter.6}{Evaluation and Conclusions}{}% 47
\BOOKMARK [1][-]{section.6.1}{Evaluation Against Existing Works}{chapter.6}% 48
\BOOKMARK [2][-]{subsection.6.1.1}{SQL Injection}{section.6.1}% 49
\BOOKMARK [2][-]{subsection.6.1.2}{LDAP Injection}{section.6.1}% 50
\BOOKMARK [2][-]{subsection.6.1.3}{Path Traversal}{section.6.1}% 51
\BOOKMARK [1][-]{section.6.2}{Conclusions}{chapter.6}% 52
\BOOKMARK [2][-]{subsection.6.2.1}{Future work}{section.6.2}% 53
\BOOKMARK [2][-]{subsection.6.2.2}{Imperative language integration}{section.6.2}% 54
\BOOKMARK [0][-]{appendix.A}{Project Specification}{}% 55
